<?xml version='1.0' encoding='UTF-8' ?>
<testsuite name="com.example.mymovielist.ExampleInstrumentedTest" tests="1" failures="0" errors="0" skipped="0" time="3.592" timestamp="2024-05-02T22:10:09" hostname="localhost">
  <properties>
    <property name="device" value="Pixel_3a_API_34_extension_level_7_x86_64(AVD) - 14" />
    <property name="flavor" value="" />
    <property name="project" value=":app" />
  </properties>
  <testcase name="useAppContext" classname="com.example.mymovielist.ExampleInstrumentedTest" time="0.075" />
</testsuite>